<?xml version="1.0" encoding="UTF-8"?>
<!-- Generated by org.testng.reporters.JUnitXMLReporter -->
<testsuite ignored="0" hostname="DESKTOP-1JPKL76" failures="0" tests="5" name="Test" time="25.946" errors="0" timestamp="2021-12-16T11:49:59 IST">
  <testcase classname="tests.fourTest" name="testFourth" time="0.012"/>
  <testcase classname="tests.threeTest" name="testtThird" time="0.003"/>
  <testcase classname="tests.RegistrationTest" name="registration" time="1.966"/>
  <testcase classname="tests.LoginTest" name="login" time="1.331"/>
  <testcase classname="tests.LoginTest" name="login" time="11.072"/>
</testsuite> <!-- Test -->
