<?xml version="1.0" encoding="UTF-8"?>
<testng-results ignored="0" total="5" passed="5" failed="0" skipped="0">
  <reporter-output>
  </reporter-output>
  <suite started-at="2021-12-16T11:49:33 IST" name="Suite" finished-at="2021-12-16T11:49:59 IST" duration-ms="25946">
    <groups>
    </groups>
    <test started-at="2021-12-16T11:49:33 IST" name="Test" finished-at="2021-12-16T11:49:59 IST" duration-ms="25946">
      <class name="tests.LoginTest">
        <test-method is-config="true" signature="openApplication()[pri:0, instance:tests.LoginTest@3ee37e5a]" started-at="2021-12-16T11:49:42 IST" name="openApplication" finished-at="2021-12-16T11:49:44 IST" duration-ms="2536" status="PASS">
          <reporter-output>
          </reporter-output>
        </test-method> <!-- openApplication -->
        <test-method signature="login(java.lang.String,java.lang.String,java.lang.String)[pri:0, instance:tests.LoginTest@3ee37e5a]" started-at="2021-12-16T11:49:44 IST" name="login" data-provider="getLoginData" finished-at="2021-12-16T11:49:46 IST" duration-ms="1331" status="PASS">
          <params>
            <param index="0">
              <value>
                <![CDATA[yadavgpatle@gmail.com]]>
              </value>
            </param>
            <param index="1">
              <value>
                <![CDATA[Vicky@81]]>
              </value>
            </param>
            <param index="2">
              <value>
                <![CDATA[Successfull]]>
              </value>
            </param>
          </params>
          <reporter-output>
          </reporter-output>
        </test-method> <!-- login -->
        <test-method is-config="true" signature="closure()[pri:0, instance:tests.LoginTest@3ee37e5a]" started-at="2021-12-16T11:49:46 IST" name="closure" finished-at="2021-12-16T11:49:46 IST" duration-ms="155" status="PASS">
          <reporter-output>
          </reporter-output>
        </test-method> <!-- closure -->
        <test-method is-config="true" signature="openApplication()[pri:0, instance:tests.LoginTest@3ee37e5a]" started-at="2021-12-16T11:49:46 IST" name="openApplication" finished-at="2021-12-16T11:49:48 IST" duration-ms="2339" status="PASS">
          <reporter-output>
          </reporter-output>
        </test-method> <!-- openApplication -->
        <test-method signature="login(java.lang.String,java.lang.String,java.lang.String)[pri:0, instance:tests.LoginTest@3ee37e5a]" started-at="2021-12-16T11:49:48 IST" name="login" data-provider="getLoginData" finished-at="2021-12-16T11:49:59 IST" duration-ms="11072" status="PASS">
          <params>
            <param index="0">
              <value>
                <![CDATA[dummy@test.com]]>
              </value>
            </param>
            <param index="1">
              <value>
                <![CDATA[1234]]>
              </value>
            </param>
            <param index="2">
              <value>
                <![CDATA[Failure]]>
              </value>
            </param>
          </params>
          <reporter-output>
          </reporter-output>
        </test-method> <!-- login -->
        <test-method is-config="true" signature="closure()[pri:0, instance:tests.LoginTest@3ee37e5a]" started-at="2021-12-16T11:49:59 IST" name="closure" finished-at="2021-12-16T11:49:59 IST" duration-ms="182" status="PASS">
          <reporter-output>
          </reporter-output>
        </test-method> <!-- closure -->
      </class> <!-- tests.LoginTest -->
      <class name="tests.threeTest">
        <test-method signature="testtThird()[pri:0, instance:tests.threeTest@7e7be63f]" started-at="2021-12-16T11:49:34 IST" name="testtThird" finished-at="2021-12-16T11:49:34 IST" duration-ms="3" status="PASS">
          <reporter-output>
          </reporter-output>
        </test-method> <!-- testtThird -->
      </class> <!-- tests.threeTest -->
      <class name="tests.RegistrationTest">
        <test-method is-config="true" signature="openApplication()[pri:0, instance:tests.RegistrationTest@66d3eec0]" started-at="2021-12-16T11:49:34 IST" name="openApplication" finished-at="2021-12-16T11:49:40 IST" duration-ms="6037" status="PASS">
          <reporter-output>
          </reporter-output>
        </test-method> <!-- openApplication -->
        <test-method signature="registration()[pri:0, instance:tests.RegistrationTest@66d3eec0]" started-at="2021-12-16T11:49:40 IST" name="registration" finished-at="2021-12-16T11:49:42 IST" duration-ms="1966" status="PASS">
          <reporter-output>
          </reporter-output>
        </test-method> <!-- registration -->
        <test-method is-config="true" signature="closure()[pri:0, instance:tests.RegistrationTest@66d3eec0]" started-at="2021-12-16T11:49:42 IST" name="closure" finished-at="2021-12-16T11:49:42 IST" duration-ms="230" status="PASS">
          <reporter-output>
          </reporter-output>
        </test-method> <!-- closure -->
      </class> <!-- tests.RegistrationTest -->
      <class name="tests.fourTest">
        <test-method signature="testFourth()[pri:0, instance:tests.fourTest@4d465b11]" started-at="2021-12-16T11:49:33 IST" name="testFourth" finished-at="2021-12-16T11:49:33 IST" duration-ms="12" status="PASS">
          <reporter-output>
          </reporter-output>
        </test-method> <!-- testFourth -->
      </class> <!-- tests.fourTest -->
    </test> <!-- Test -->
  </suite> <!-- Suite -->
</testng-results>
